<?xml version="1.0" encoding="UTF-8"?>
<testsuite xmlns:xsi="http://www.w3.org/2001/XMLSchema-instance" xsi:noNamespaceSchemaLocation="https://maven.apache.org/surefire/maven-surefire-plugin/xsd/surefire-test-report.xsd" version="3.0.2" name="com.inditex.core.platform.ecommerce.app.EcommerceApplicationTests" time="3.761" tests="2" errors="0" skipped="0" failures="0">
  <properties>
[...]
</properties>
  <testcase name="main" classname="com.inditex.core.platform.ecommerce.app.EcommerceApplicationTests" time="0.471">
    <system-out><![CDATA[14:39:56.209 [main] INFO org.springframework.test.context.support.AnnotationConfigContextLoaderUtils -- Could not detect default configuration classes for test class [com.inditex.core.platform.ecommerce.app.EcommerceApplicationTests]: EcommerceApplicationTests does not declare any static, non-private, non-final, nested classes annotated with @Configuration.
14:39:56.268 [main] INFO org.springframework.boot.test.context.SpringBootTestContextBootstrapper -- Found @SpringBootConfiguration com.inditex.core.platform.ecommerce.app.EcommerceApplication for test class com.inditex.core.platform.ecommerce.app.EcommerceApplicationTests

  .   ____          _            __ _ _
 /\\ / ___'_ __ _ _(_)_ __  __ _ \ \ \ \
( ( )\___ | '_ | '_| | '_ \/ _` | \ \ \ \
 \\/  ___)| |_)| | | | | || (_| |  ) ) ) )
  '  |____| .__|_| |_|_| |_\__, | / / / /
 =========|_|==============|___/=/_/_/_/

 :: Spring Boot ::                (v3.4.3)

2025-03-16T14:39:56.536+01:00  INFO 80288 --- [           main] c.i.c.p.e.app.EcommerceApplicationTests  : Starting EcommerceApplicationTests using Java 22.0.1 with PID 80288 (started by matiassarrailh in /Users/matiassarrailh/Desktop/INDITEX/inditex)
2025-03-16T14:39:56.536+01:00  INFO 80288 --- [           main] c.i.c.p.e.app.EcommerceApplicationTests  : No active profile set, falling back to 1 default profile: "default"
2025-03-16T14:39:56.910+01:00  INFO 80288 --- [           main] .s.d.r.c.RepositoryConfigurationDelegate : Bootstrapping Spring Data JPA repositories in DEFAULT mode.
2025-03-16T14:39:56.944+01:00  INFO 80288 --- [           main] .s.d.r.c.RepositoryConfigurationDelegate : Finished Spring Data repository scanning in 27 ms. Found 1 JPA repository interface.
2025-03-16T14:39:57.182+01:00  INFO 80288 --- [           main] com.zaxxer.hikari.HikariDataSource       : HikariPool-1 - Starting...
2025-03-16T14:39:57.409+01:00  INFO 80288 --- [           main] com.zaxxer.hikari.pool.HikariPool        : HikariPool-1 - Added connection conn0: url=jdbc:h2:mem:pricesdb user=SA
2025-03-16T14:39:57.415+01:00  INFO 80288 --- [           main] com.zaxxer.hikari.HikariDataSource       : HikariPool-1 - Start completed.
2025-03-16T14:39:57.529+01:00  INFO 80288 --- [           main] o.hibernate.jpa.internal.util.LogHelper  : HHH000204: Processing PersistenceUnitInfo [name: default]
2025-03-16T14:39:57.582+01:00  INFO 80288 --- [           main] org.hibernate.Version                    : HHH000412: Hibernate ORM core version 6.6.8.Final
2025-03-16T14:39:57.625+01:00  INFO 80288 --- [           main] o.h.c.internal.RegionFactoryInitiator    : HHH000026: Second-level cache disabled
2025-03-16T14:39:57.745+01:00  INFO 80288 --- [           main] o.s.o.j.p.SpringPersistenceUnitInfo      : No LoadTimeWeaver setup: ignoring JPA class transformer
2025-03-16T14:39:57.798+01:00  WARN 80288 --- [           main] org.hibernate.orm.deprecation            : HHH90000025: H2Dialect does not need to be specified explicitly using 'hibernate.dialect' (remove the property setting and it will be selected by default)
2025-03-16T14:39:57.812+01:00  INFO 80288 --- [           main] org.hibernate.orm.connections.pooling    : HHH10001005: Database info:
	Database JDBC URL [Connecting through datasource 'HikariDataSource (HikariPool-1)']
	Database driver: undefined/unknown
	Database version: 2.2.220
	Autocommit mode: undefined/unknown
	Isolation level: undefined/unknown
	Minimum pool size: undefined/unknown
	Maximum pool size: undefined/unknown
2025-03-16T14:39:58.428+01:00  INFO 80288 --- [           main] o.h.e.t.j.p.i.JtaPlatformInitiator       : HHH000489: No JTA platform available (set 'hibernate.transaction.jta.platform' to enable JTA platform integration)
2025-03-16T14:39:58.475+01:00  INFO 80288 --- [           main] j.LocalContainerEntityManagerFactoryBean : Initialized JPA EntityManagerFactory for persistence unit 'default'
2025-03-16T14:39:58.663+01:00  INFO 80288 --- [           main] o.s.d.j.r.query.QueryEnhancerFactory     : Hibernate is in classpath; If applicable, HQL parser will be used.
2025-03-16T14:39:59.296+01:00  WARN 80288 --- [           main] JpaBaseConfiguration$JpaWebConfiguration : spring.jpa.open-in-view is enabled by default. Therefore, database queries may be performed during view rendering. Explicitly configure spring.jpa.open-in-view to disable this warning
2025-03-16T14:39:59.320+01:00  INFO 80288 --- [           main] o.s.v.b.OptionalValidatorFactoryBean     : Failed to set up a Bean Validation provider: jakarta.validation.NoProviderFoundException: Unable to create a Configuration, because no Jakarta Bean Validation provider could be found. Add a provider like Hibernate Validator (RI) to your classpath.
2025-03-16T14:39:59.427+01:00  INFO 80288 --- [           main] o.s.b.a.h2.H2ConsoleAutoConfiguration    : H2 console available at '/h2-console'. Database available at 'jdbc:h2:mem:pricesdb'
2025-03-16T14:39:59.460+01:00  INFO 80288 --- [           main] c.i.c.p.e.app.EcommerceApplicationTests  : Started EcommerceApplicationTests in 3.135 seconds (process running for 6.428)

  .   ____          _            __ _ _
 /\\ / ___'_ __ _ _(_)_ __  __ _ \ \ \ \
( ( )\___ | '_ | '_| | '_ \/ _` | \ \ \ \
 \\/  ___)| |_)| | | | | || (_| |  ) ) ) )
  '  |____| .__|_| |_|_| |_\__, | / / / /
 =========|_|==============|___/=/_/_/_/

 :: Spring Boot ::                (v3.4.3)

2025-03-16T14:39:59.483+01:00  INFO 80288 --- [           main] c.i.c.p.e.app.EcommerceApplication       : Starting EcommerceApplication using Java 22.0.1 with PID 80288 (started by matiassarrailh in /Users/matiassarrailh/Desktop/INDITEX/inditex)
2025-03-16T14:39:59.483+01:00  INFO 80288 --- [           main] c.i.c.p.e.app.EcommerceApplication       : No active profile set, falling back to 1 default profile: "default"
2025-03-16T14:39:59.558+01:00  INFO 80288 --- [           main] .s.d.r.c.RepositoryConfigurationDelegate : Bootstrapping Spring Data JPA repositories in DEFAULT mode.
2025-03-16T14:39:59.563+01:00  INFO 80288 --- [           main] .s.d.r.c.RepositoryConfigurationDelegate : Finished Spring Data repository scanning in 4 ms. Found 1 JPA repository interface.
2025-03-16T14:39:59.701+01:00  INFO 80288 --- [           main] o.s.b.w.embedded.tomcat.TomcatWebServer  : Tomcat initialized with port 8080 (http)
2025-03-16T14:39:59.714+01:00  INFO 80288 --- [           main] o.apache.catalina.core.StandardService   : Starting service [Tomcat]
2025-03-16T14:39:59.714+01:00  INFO 80288 --- [           main] o.apache.catalina.core.StandardEngine    : Starting Servlet engine: [Apache Tomcat/10.1.36]
2025-03-16T14:39:59.746+01:00  INFO 80288 --- [           main] o.a.c.c.C.[Tomcat].[localhost].[/]       : Initializing Spring embedded WebApplicationContext
2025-03-16T14:39:59.746+01:00  INFO 80288 --- [           main] w.s.c.ServletWebServerApplicationContext : Root WebApplicationContext: initialization completed in 262 ms
2025-03-16T14:39:59.794+01:00  INFO 80288 --- [           main] com.zaxxer.hikari.HikariDataSource       : HikariPool-2 - Starting...
2025-03-16T14:39:59.795+01:00  INFO 80288 --- [           main] com.zaxxer.hikari.pool.HikariPool        : HikariPool-2 - Added connection conn10: url=jdbc:h2:mem:pricesdb user=SA
2025-03-16T14:39:59.795+01:00  INFO 80288 --- [           main] com.zaxxer.hikari.HikariDataSource       : HikariPool-2 - Start completed.
2025-03-16T14:39:59.803+01:00  INFO 80288 --- [           main] o.hibernate.jpa.internal.util.LogHelper  : HHH000204: Processing PersistenceUnitInfo [name: default]
2025-03-16T14:39:59.804+01:00  INFO 80288 --- [           main] o.h.c.internal.RegionFactoryInitiator    : HHH000026: Second-level cache disabled
2025-03-16T14:39:59.808+01:00  INFO 80288 --- [           main] o.s.o.j.p.SpringPersistenceUnitInfo      : No LoadTimeWeaver setup: ignoring JPA class transformer
2025-03-16T14:39:59.809+01:00  WARN 80288 --- [           main] org.hibernate.orm.deprecation            : HHH90000025: H2Dialect does not need to be specified explicitly using 'hibernate.dialect' (remove the property setting and it will be selected by default)
2025-03-16T14:39:59.810+01:00  INFO 80288 --- [           main] org.hibernate.orm.connections.pooling    : HHH10001005: Database info:
	Database JDBC URL [Connecting through datasource 'HikariDataSource (HikariPool-2)']
	Database driver: undefined/unknown
	Database version: 2.2.220
	Autocommit mode: undefined/unknown
	Isolation level: undefined/unknown
	Minimum pool size: undefined/unknown
	Maximum pool size: undefined/unknown
2025-03-16T14:39:59.835+01:00  INFO 80288 --- [           main] o.h.e.t.j.p.i.JtaPlatformInitiator       : HHH000489: No JTA platform available (set 'hibernate.transaction.jta.platform' to enable JTA platform integration)
2025-03-16T14:39:59.836+01:00  INFO 80288 --- [           main] j.LocalContainerEntityManagerFactoryBean : Initialized JPA EntityManagerFactory for persistence unit 'default'
2025-03-16T14:39:59.858+01:00  WARN 80288 --- [           main] JpaBaseConfiguration$JpaWebConfiguration : spring.jpa.open-in-view is enabled by default. Therefore, database queries may be performed during view rendering. Explicitly configure spring.jpa.open-in-view to disable this warning
2025-03-16T14:39:59.867+01:00  INFO 80288 --- [           main] o.s.v.b.OptionalValidatorFactoryBean     : Failed to set up a Bean Validation provider: jakarta.validation.NoProviderFoundException: Unable to create a Configuration, because no Jakarta Bean Validation provider could be found. Add a provider like Hibernate Validator (RI) to your classpath.
2025-03-16T14:39:59.903+01:00  INFO 80288 --- [           main] o.s.b.a.h2.H2ConsoleAutoConfiguration    : H2 console available at '/h2-console'. Database available at 'jdbc:h2:mem:pricesdb'
2025-03-16T14:39:59.929+01:00  INFO 80288 --- [           main] o.s.b.w.embedded.tomcat.TomcatWebServer  : Tomcat started on port 8080 (http) with context path '/'
2025-03-16T14:39:59.931+01:00  INFO 80288 --- [           main] c.i.c.p.e.app.EcommerceApplication       : Started EcommerceApplication in 0.461 seconds (process running for 6.899)
]]></system-out>
  </testcase>
  <testcase name="contextLoads" classname="com.inditex.core.platform.ecommerce.app.EcommerceApplicationTests" time="0.002"/>
</testsuite>