<?xml version="1.0" encoding="UTF-8"?>
<testsuite xmlns:xsi="http://www.w3.org/2001/XMLSchema-instance" xsi:noNamespaceSchemaLocation="https://maven.apache.org/surefire/maven-surefire-plugin/xsd/surefire-test-report.xsd" version="3.0.2" name="com.inditex.core.platform.ecommerce.app.domain.controller.ProductControllerTest" time="2.023" tests="6" errors="0" skipped="0" failures="0">
  <properties>
[...]
</properties>
  <testcase name="testCreateProduct" classname="com.inditex.core.platform.ecommerce.app.domain.controller.ProductControllerTest" time="1.937">
    <system-out><![CDATA[14:39:54.957 [main] INFO org.springframework.validation.beanvalidation.OptionalValidatorFactoryBean -- Failed to set up a Bean Validation provider: jakarta.validation.NoProviderFoundException: Unable to create a Configuration, because no Jakarta Bean Validation provider could be found. Add a provider like Hibernate Validator (RI) to your classpath.
14:39:55.615 [main] INFO org.springframework.mock.web.MockServletContext -- Initializing Spring TestDispatcherServlet ''
14:39:55.615 [main] INFO org.springframework.test.web.servlet.TestDispatcherServlet -- Initializing Servlet ''
14:39:55.617 [main] INFO org.springframework.test.web.servlet.TestDispatcherServlet -- Completed initialization in 2 ms
14:39:55.784 [main] INFO com.inditex.core.platform.ecommerce.app.domain.controller.ProductController -- Product Controller - Received request : Product{id=null, brandId=1, startDate=2020-06-14T00:00, endDate=2020-12-31T23:59:59, priceList=1, productId=35455, priority=0, price=35.50, currency='EUR'}
14:39:55.794 [main] INFO com.inditex.core.platform.ecommerce.app.domain.controller.ProductController -- Product Controller - Product saved in database.
]]></system-out>
    <system-err><![CDATA[Mar 16, 2025 2:39:53 PM io.cucumber.junit.platform.engine.FeatureResolver resolvePackageResourceWarnIfNone
WARNING: No features found in package 'com.inditex.core.platform.ecommerce.app.cucumber'
Mar 16, 2025 2:39:53 PM io.cucumber.junit.platform.engine.FeatureResolver resolvePackageResourceWarnIfNone
WARNING: No features found in package 'com.inditex.core.platform.ecommerce.app.acceptance'
Mockito is currently self-attaching to enable the inline-mock-maker. This will no longer work in future releases of the JDK. Please add Mockito as an agent to your build what is described in Mockito's documentation: https://javadoc.io/doc/org.mockito/mockito-core/latest/org/mockito/Mockito.html#0.3
WARNING: A Java agent has been loaded dynamically (/Users/matiassarrailh/.m2/repository/net/bytebuddy/byte-buddy-agent/1.15.11/byte-buddy-agent-1.15.11.jar)
WARNING: If a serviceability tool is in use, please run with -XX:+EnableDynamicAgentLoading to hide this warning
WARNING: If a serviceability tool is not in use, please run with -Djdk.instrument.traceUsage for more information
WARNING: Dynamic loading of agents will be disallowed by default in a future release
]]></system-err>
  </testcase>
  <testcase name="testGetPrice_notFound" classname="com.inditex.core.platform.ecommerce.app.domain.controller.ProductControllerTest" time="0.017">
    <system-out><![CDATA[14:39:55.860 [main] INFO org.springframework.validation.beanvalidation.OptionalValidatorFactoryBean -- Failed to set up a Bean Validation provider: jakarta.validation.NoProviderFoundException: Unable to create a Configuration, because no Jakarta Bean Validation provider could be found. Add a provider like Hibernate Validator (RI) to your classpath.
14:39:55.865 [main] INFO org.springframework.mock.web.MockServletContext -- Initializing Spring TestDispatcherServlet ''
14:39:55.865 [main] INFO org.springframework.test.web.servlet.TestDispatcherServlet -- Initializing Servlet ''
14:39:55.865 [main] INFO org.springframework.test.web.servlet.TestDispatcherServlet -- Completed initialization in 0 ms
14:39:55.870 [main] INFO com.inditex.core.platform.ecommerce.app.domain.controller.ProductController -- Product Controller - Received request with productId=35455, brandId=1, applicationDate=2020-06-14T16:00
14:39:55.870 [main] INFO com.inditex.core.platform.ecommerce.app.domain.controller.ProductController -- Product Controller - No price found for the given parameters.
]]></system-out>
  </testcase>
  <testcase name="testGetPrice_found" classname="com.inditex.core.platform.ecommerce.app.domain.controller.ProductControllerTest" time="0.014">
    <system-out><![CDATA[14:39:55.878 [main] INFO org.springframework.validation.beanvalidation.OptionalValidatorFactoryBean -- Failed to set up a Bean Validation provider: jakarta.validation.NoProviderFoundException: Unable to create a Configuration, because no Jakarta Bean Validation provider could be found. Add a provider like Hibernate Validator (RI) to your classpath.
14:39:55.882 [main] INFO org.springframework.mock.web.MockServletContext -- Initializing Spring TestDispatcherServlet ''
14:39:55.883 [main] INFO org.springframework.test.web.servlet.TestDispatcherServlet -- Initializing Servlet ''
14:39:55.883 [main] INFO org.springframework.test.web.servlet.TestDispatcherServlet -- Completed initialization in 0 ms
14:39:55.884 [main] INFO com.inditex.core.platform.ecommerce.app.domain.controller.ProductController -- Product Controller - Received request with productId=35455, brandId=1, applicationDate=2020-06-14T10:00
14:39:55.885 [main] INFO com.inditex.core.platform.ecommerce.app.domain.controller.ProductController -- Product Controller - Found price: 35.5
]]></system-out>
  </testcase>
  <testcase name="testDeleteProduct_notFound" classname="com.inditex.core.platform.ecommerce.app.domain.controller.ProductControllerTest" time="0.011">
    <system-out><![CDATA[14:39:55.892 [main] INFO org.springframework.validation.beanvalidation.OptionalValidatorFactoryBean -- Failed to set up a Bean Validation provider: jakarta.validation.NoProviderFoundException: Unable to create a Configuration, because no Jakarta Bean Validation provider could be found. Add a provider like Hibernate Validator (RI) to your classpath.
14:39:55.897 [main] INFO org.springframework.mock.web.MockServletContext -- Initializing Spring TestDispatcherServlet ''
14:39:55.897 [main] INFO org.springframework.test.web.servlet.TestDispatcherServlet -- Initializing Servlet ''
14:39:55.897 [main] INFO org.springframework.test.web.servlet.TestDispatcherServlet -- Completed initialization in 0 ms
14:39:55.900 [main] INFO com.inditex.core.platform.ecommerce.app.domain.controller.ProductController -- Product Controller - Deleting product with ID : 1
14:39:55.900 [main] ERROR com.inditex.core.platform.ecommerce.app.domain.controller.ProductController -- Product Controller - Error: Product not found with ID 1
]]></system-out>
  </testcase>
  <testcase name="testCreateProduct_invalidInput" classname="com.inditex.core.platform.ecommerce.app.domain.controller.ProductControllerTest" time="0.011">
    <system-out><![CDATA[14:39:55.905 [main] INFO org.springframework.validation.beanvalidation.OptionalValidatorFactoryBean -- Failed to set up a Bean Validation provider: jakarta.validation.NoProviderFoundException: Unable to create a Configuration, because no Jakarta Bean Validation provider could be found. Add a provider like Hibernate Validator (RI) to your classpath.
14:39:55.909 [main] INFO org.springframework.mock.web.MockServletContext -- Initializing Spring TestDispatcherServlet ''
14:39:55.909 [main] INFO org.springframework.test.web.servlet.TestDispatcherServlet -- Initializing Servlet ''
14:39:55.909 [main] INFO org.springframework.test.web.servlet.TestDispatcherServlet -- Completed initialization in 0 ms
14:39:55.912 [main] INFO com.inditex.core.platform.ecommerce.app.domain.controller.ProductController -- Product Controller - Received request : Product{id=null, brandId=1, startDate=2020-06-14T00:00, endDate=2020-12-31T23:59:59, priceList=1, productId=null, priority=0, price=null, currency='EUR'}
14:39:55.912 [main] ERROR com.inditex.core.platform.ecommerce.app.domain.controller.ProductController -- Product Controller - Error creating product.
]]></system-out>
  </testcase>
  <testcase name="testDeleteProduct" classname="com.inditex.core.platform.ecommerce.app.domain.controller.ProductControllerTest" time="0.012">
    <system-out><![CDATA[14:39:55.916 [main] INFO org.springframework.validation.beanvalidation.OptionalValidatorFactoryBean -- Failed to set up a Bean Validation provider: jakarta.validation.NoProviderFoundException: Unable to create a Configuration, because no Jakarta Bean Validation provider could be found. Add a provider like Hibernate Validator (RI) to your classpath.
14:39:55.919 [main] INFO org.springframework.mock.web.MockServletContext -- Initializing Spring TestDispatcherServlet ''
14:39:55.920 [main] INFO org.springframework.test.web.servlet.TestDispatcherServlet -- Initializing Servlet ''
14:39:55.920 [main] INFO org.springframework.test.web.servlet.TestDispatcherServlet -- Completed initialization in 0 ms
14:39:55.921 [main] INFO com.inditex.core.platform.ecommerce.app.domain.controller.ProductController -- Product Controller - Deleting product with ID : 1
]]></system-out>
  </testcase>
</testsuite>